app/build/outputs/logs/manifest-merger-release-report.txt
-- Merging decision tree log ---
manifest
ADDED from AndroidManifest.xml:2:1
	package
		ADDED from AndroidManifest.xml:3:5
		INJECTED from AndroidManifest.xml:0:0
		INJECTED from AndroidManifest.xml:0:0
	android:versionName
		ADDED from AndroidManifest.xml:5:5
	android:versionCode
		ADDED from AndroidManifest.xml:4:5
		INJECTED from AndroidManifest.xml:0:0
		INJECTED from AndroidManifest.xml:0:0
	xmlns:android
		ADDED from AndroidManifest.xml:2:11
uses-sdk
ADDED from AndroidManifest.xml:7:5
MERGED from com.google.android.gms:play-services:7.0.0:18:5
MERGED from com.google.android.gms:play-services-ads:7.0.0:18:5
MERGED from com.google.android.gms:play-services-base:7.0.0:18:5
MERGED from com.android.support:support-v4:22.0.0:20:5
MERGED from com.google.android.gms:play-services-analytics:7.0.0:18:5
MERGED from com.google.android.gms:play-services-base:7.0.0:18:5
MERGED from com.android.support:support-v4:22.0.0:20:5
MERGED from com.google.android.gms:play-services-analytics:7.0.0:18:5
MERGED from com.google.android.gms:play-services-base:7.0.0:18:5
MERGED from com.android.support:support-v4:22.0.0:20:5
MERGED from com.google.android.gms:play-services-appindexing:7.0.0:18:5
MERGED from com.google.android.gms:play-services-base:7.0.0:18:5
MERGED from com.android.support:support-v4:22.0.0:20:5
MERGED from com.google.android.gms:play-services-appstate:7.0.0:18:5
MERGED from com.google.android.gms:play-services-base:7.0.0:18:5
MERGED from com.android.support:support-v4:22.0.0:20:5
MERGED from com.google.android.gms:play-services-base:7.0.0:18:5
MERGED from com.android.support:support-v4:22.0.0:20:5
MERGED from com.google.android.gms:play-services-cast:7.0.0:18:5
MERGED from com.google.android.gms:play-services-base:7.0.0:18:5
MERGED from com.android.support:support-v4:22.0.0:20:5
MERGED from com.google.android.gms:play-services-drive:7.0.0:18:5
MERGED from com.google.android.gms:play-services-base:7.0.0:18:5
MERGED from com.android.support:support-v4:22.0.0:20:5
MERGED from com.google.android.gms:play-services-fitness:7.0.0:18:5
MERGED from com.google.android.gms:play-services-base:7.0.0:18:5
MERGED from com.android.support:support-v4:22.0.0:20:5
MERGED from com.google.android.gms:play-services-location:7.0.0:18:5
MERGED from com.google.android.gms:play-services-base:7.0.0:18:5
MERGED from com.android.support:support-v4:22.0.0:20:5
MERGED from com.google.android.gms:play-services-maps:7.0.0:18:5
MERGED from com.google.android.gms:play-services-base:7.0.0:18:5
MERGED from com.android.support:support-v4:22.0.0:20:5
MERGED from com.google.android.gms:play-services-games:7.0.0:18:5
MERGED from com.google.android.gms:play-services-base:7.0.0:18:5
MERGED from com.android.support:support-v4:22.0.0:20:5
MERGED from com.google.android.gms:play-services-drive:7.0.0:18:5
MERGED from com.google.android.gms:play-services-base:7.0.0:18:5
MERGED from com.android.support:support-v4:22.0.0:20:5
MERGED from com.google.android.gms:play-services-gcm:7.0.0:18:5
MERGED from com.google.android.gms:play-services-base:7.0.0:18:5
MERGED from com.android.support:support-v4:22.0.0:20:5
MERGED from com.google.android.gms:play-services-identity:7.0.0:18:5
MERGED from com.google.android.gms:play-services-base:7.0.0:18:5
MERGED from com.android.support:support-v4:22.0.0:20:5
MERGED from com.google.android.gms:play-services-location:7.0.0:18:5
MERGED from com.google.android.gms:play-services-base:7.0.0:18:5
MERGED from com.android.support:support-v4:22.0.0:20:5
MERGED from com.google.android.gms:play-services-maps:7.0.0:18:5
MERGED from com.google.android.gms:play-services-base:7.0.0:18:5
MERGED from com.android.support:support-v4:22.0.0:20:5
MERGED from com.google.android.gms:play-services-maps:7.0.0:18:5
MERGED from com.google.android.gms:play-services-base:7.0.0:18:5
MERGED from com.android.support:support-v4:22.0.0:20:5
MERGED from com.google.android.gms:play-services-nearby:7.0.0:18:5
MERGED from com.google.android.gms:play-services-base:7.0.0:18:5
MERGED from com.android.support:support-v4:22.0.0:20:5
MERGED from com.google.android.gms:play-services-panorama:7.0.0:18:5
MERGED from com.google.android.gms:play-services-base:7.0.0:18:5
MERGED from com.android.support:support-v4:22.0.0:20:5
MERGED from com.google.android.gms:play-services-plus:7.0.0:18:5
MERGED from com.google.android.gms:play-services-base:7.0.0:18:5
MERGED from com.android.support:support-v4:22.0.0:20:5
MERGED from com.google.android.gms:play-services-safetynet:7.0.0:18:5
MERGED from com.google.android.gms:play-services-base:7.0.0:18:5
MERGED from com.android.support:support-v4:22.0.0:20:5
MERGED from com.google.android.gms:play-services-wallet:7.0.0:18:5
MERGED from com.google.android.gms:play-services-base:7.0.0:18:5
MERGED from com.android.support:support-v4:22.0.0:20:5
MERGED from com.google.android.gms:play-services-identity:7.0.0:18:5
MERGED from com.google.android.gms:play-services-base:7.0.0:18:5
MERGED from com.android.support:support-v4:22.0.0:20:5
MERGED from com.google.android.gms:play-services-maps:7.0.0:18:5
MERGED from com.google.android.gms:play-services-base:7.0.0:18:5
MERGED from com.android.support:support-v4:22.0.0:20:5
MERGED from com.google.android.gms:play-services-wearable:7.0.0:18:5
MERGED from com.google.android.gms:play-services-base:7.0.0:18:5
MERGED from com.android.support:support-v4:22.0.0:20:5
MERGED from com.android.support:appcompat-v7:20.0.0:16:5
MERGED from com.android.support:support-v4:22.0.0:20:5
MERGED from com.sothree.slidinguppanel:library:3.0.0:7:5
MERGED from com.android.support:support-v4:22.0.0:20:5
	android:targetSdkVersion
		ADDED from AndroidManifest.xml:9:9
		INJECTED from AndroidManifest.xml:0:0
		INJECTED from AndroidManifest.xml:0:0
	android:minSdkVersion
		ADDED from AndroidManifest.xml:8:9
		INJECTED from AndroidManifest.xml:0:0
		INJECTED from AndroidManifest.xml:0:0
uses-permission#android.permission.INTERNET
ADDED from AndroidManifest.xml:11:5
	android:name
		ADDED from AndroidManifest.xml:11:22
uses-permission#android.permission.ACCESS_FINE_LOCATION
ADDED from AndroidManifest.xml:12:5
	android:name
		ADDED from AndroidManifest.xml:12:22
uses-permission#android.permission.CAMERA
ADDED from AndroidManifest.xml:13:5
	android:name
		ADDED from AndroidManifest.xml:13:22
uses-permission#android.permission.FLASHLIGHT
ADDED from AndroidManifest.xml:14:5
	android:name
		ADDED from AndroidManifest.xml:14:22
uses-permission#android.permission.VIBRATE
ADDED from AndroidManifest.xml:15:5
	android:name
		ADDED from AndroidManifest.xml:15:22
uses-permission#android.permission.MOUNT_UNMOUNT_FILESYSTEMS
ADDED from AndroidManifest.xml:16:5
	android:name
		ADDED from AndroidManifest.xml:16:22
uses-permission#android.permission.WRITE_EXTERNAL_STORAGE
ADDED from AndroidManifest.xml:17:5
	android:name
		ADDED from AndroidManifest.xml:17:22
uses-permission#android.permission.ACCESS_NETWORK_STATE
ADDED from AndroidManifest.xml:18:5
	android:name
		ADDED from AndroidManifest.xml:18:22
uses-feature#android.hardware.camera
ADDED from AndroidManifest.xml:21:5
	android:name
		ADDED from AndroidManifest.xml:21:19
uses-feature#android.hardware.camera.autofocus
ADDED from AndroidManifest.xml:22:5
	android:name
		ADDED from AndroidManifest.xml:22:19
permission#com.example.sushi.augmentedmap.permission.MAPS_RECEIVE
ADDED from AndroidManifest.xml:24:5
	android:protectionLevel
		ADDED from AndroidManifest.xml:26:9
	android:name
		ADDED from AndroidManifest.xml:25:9
uses-permission#com.example.sushi.augmentedmap.permission.MAPS_RECEIVE
ADDED from AndroidManifest.xml:28:5
	android:name
		ADDED from AndroidManifest.xml:28:22
uses-permission#android.permission.READ_PHONE_STATE
ADDED from AndroidManifest.xml:29:5
	android:name
		ADDED from AndroidManifest.xml:29:22
uses-permission#android.permission.READ_EXTERNAL_STORAGE
ADDED from AndroidManifest.xml:30:5
	android:name
		ADDED from AndroidManifest.xml:30:22
application
ADDED from AndroidManifest.xml:32:5
MERGED from com.google.android.gms:play-services:7.0.0:19:5
MERGED from com.google.android.gms:play-services-ads:7.0.0:19:5
MERGED from com.google.android.gms:play-services-base:7.0.0:20:5
MERGED from com.android.support:support-v4:22.0.0:22:5
MERGED from com.google.android.gms:play-services-analytics:7.0.0:19:5
MERGED from com.google.android.gms:play-services-base:7.0.0:20:5
MERGED from com.android.support:support-v4:22.0.0:22:5
MERGED from com.google.android.gms:play-services-analytics:7.0.0:19:5
MERGED from com.google.android.gms:play-services-base:7.0.0:20:5
MERGED from com.android.support:support-v4:22.0.0:22:5
MERGED from com.google.android.gms:play-services-appindexing:7.0.0:19:5
MERGED from com.google.android.gms:play-services-base:7.0.0:20:5
MERGED from com.android.support:support-v4:22.0.0:22:5
MERGED from com.google.android.gms:play-services-appstate:7.0.0:19:5
MERGED from com.google.android.gms:play-services-base:7.0.0:20:5
MERGED from com.android.support:support-v4:22.0.0:22:5
MERGED from com.google.android.gms:play-services-base:7.0.0:20:5
MERGED from com.android.support:support-v4:22.0.0:22:5
MERGED from com.google.android.gms:play-services-cast:7.0.0:19:5
MERGED from com.google.android.gms:play-services-base:7.0.0:20:5
MERGED from com.android.support:support-v4:22.0.0:22:5
MERGED from com.google.android.gms:play-services-drive:7.0.0:19:5
MERGED from com.google.android.gms:play-services-base:7.0.0:20:5
MERGED from com.android.support:support-v4:22.0.0:22:5
MERGED from com.google.android.gms:play-services-fitness:7.0.0:19:5
MERGED from com.google.android.gms:play-services-base:7.0.0:20:5
MERGED from com.android.support:support-v4:22.0.0:22:5
MERGED from com.google.android.gms:play-services-location:7.0.0:19:5
MERGED from com.google.android.gms:play-services-base:7.0.0:20:5
MERGED from com.android.support:support-v4:22.0.0:22:5
MERGED from com.google.android.gms:play-services-maps:7.0.0:19:5
MERGED from com.google.android.gms:play-services-base:7.0.0:20:5
MERGED from com.android.support:support-v4:22.0.0:22:5
MERGED from com.google.android.gms:play-services-games:7.0.0:19:5
MERGED from com.google.android.gms:play-services-base:7.0.0:20:5
MERGED from com.android.support:support-v4:22.0.0:22:5
MERGED from com.google.android.gms:play-services-drive:7.0.0:19:5
MERGED from com.google.android.gms:play-services-base:7.0.0:20:5
MERGED from com.android.support:support-v4:22.0.0:22:5
MERGED from com.google.android.gms:play-services-gcm:7.0.0:19:5
MERGED from com.google.android.gms:play-services-base:7.0.0:20:5
MERGED from com.android.support:support-v4:22.0.0:22:5
MERGED from com.google.android.gms:play-services-identity:7.0.0:19:5
MERGED from com.google.android.gms:play-services-base:7.0.0:20:5
MERGED from com.android.support:support-v4:22.0.0:22:5
MERGED from com.google.android.gms:play-services-location:7.0.0:19:5
MERGED from com.google.android.gms:play-services-base:7.0.0:20:5
MERGED from com.android.support:support-v4:22.0.0:22:5
MERGED from com.google.android.gms:play-services-maps:7.0.0:19:5
MERGED from com.google.android.gms:play-services-base:7.0.0:20:5
MERGED from com.android.support:support-v4:22.0.0:22:5
MERGED from com.google.android.gms:play-services-maps:7.0.0:19:5
MERGED from com.google.android.gms:play-services-base:7.0.0:20:5
MERGED from com.android.support:support-v4:22.0.0:22:5
MERGED from com.google.android.gms:play-services-nearby:7.0.0:19:5
MERGED from com.google.android.gms:play-services-base:7.0.0:20:5
MERGED from com.android.support:support-v4:22.0.0:22:5
MERGED from com.google.android.gms:play-services-panorama:7.0.0:19:5
MERGED from com.google.android.gms:play-services-base:7.0.0:20:5
MERGED from com.android.support:support-v4:22.0.0:22:5
MERGED from com.google.android.gms:play-services-plus:7.0.0:19:5
MERGED from com.google.android.gms:play-services-base:7.0.0:20:5
MERGED from com.android.support:support-v4:22.0.0:22:5
MERGED from com.google.android.gms:play-services-safetynet:7.0.0:19:5
MERGED from com.google.android.gms:play-services-base:7.0.0:20:5
MERGED from com.android.support:support-v4:22.0.0:22:5
MERGED from com.google.android.gms:play-services-wallet:7.0.0:19:5
MERGED from com.google.android.gms:play-services-base:7.0.0:20:5
MERGED from com.android.support:support-v4:22.0.0:22:5
MERGED from com.google.android.gms:play-services-identity:7.0.0:19:5
MERGED from com.google.android.gms:play-services-base:7.0.0:20:5
MERGED from com.android.support:support-v4:22.0.0:22:5
MERGED from com.google.android.gms:play-services-maps:7.0.0:19:5
MERGED from com.google.android.gms:play-services-base:7.0.0:20:5
MERGED from com.android.support:support-v4:22.0.0:22:5
MERGED from com.google.android.gms:play-services-wearable:7.0.0:19:5
MERGED from com.google.android.gms:play-services-base:7.0.0:20:5
MERGED from com.android.support:support-v4:22.0.0:22:5
MERGED from com.android.support:appcompat-v7:20.0.0:17:5
MERGED from com.android.support:support-v4:22.0.0:22:5
MERGED from com.sothree.slidinguppanel:library:3.0.0:9:5
MERGED from com.android.support:support-v4:22.0.0:22:5
	android:label
		ADDED from AndroidManifest.xml:35:9
	android:allowBackup
		ADDED from AndroidManifest.xml:33:9
	android:icon
		ADDED from AndroidManifest.xml:34:9
	android:theme
		ADDED from AndroidManifest.xml:36:9
meta-data#com.google.android.gms.version
ADDED from AndroidManifest.xml:37:9
MERGED from com.google.android.gms:play-services-base:7.0.0:21:9
MERGED from com.google.android.gms:play-services-base:7.0.0:21:9
MERGED from com.google.android.gms:play-services-base:7.0.0:21:9
MERGED from com.google.android.gms:play-services-base:7.0.0:21:9
MERGED from com.google.android.gms:play-services-base:7.0.0:21:9
MERGED from com.google.android.gms:play-services-base:7.0.0:21:9
MERGED from com.google.android.gms:play-services-base:7.0.0:21:9
MERGED from com.google.android.gms:play-services-base:7.0.0:21:9
MERGED from com.google.android.gms:play-services-base:7.0.0:21:9
MERGED from com.google.android.gms:play-services-base:7.0.0:21:9
MERGED from com.google.android.gms:play-services-base:7.0.0:21:9
MERGED from com.google.android.gms:play-services-base:7.0.0:21:9
MERGED from com.google.android.gms:play-services-base:7.0.0:21:9
MERGED from com.google.android.gms:play-services-base:7.0.0:21:9
MERGED from com.google.android.gms:play-services-base:7.0.0:21:9
MERGED from com.google.android.gms:play-services-base:7.0.0:21:9
MERGED from com.google.android.gms:play-services-base:7.0.0:21:9
MERGED from com.google.android.gms:play-services-base:7.0.0:21:9
MERGED from com.google.android.gms:play-services-base:7.0.0:21:9
MERGED from com.google.android.gms:play-services-base:7.0.0:21:9
MERGED from com.google.android.gms:play-services-base:7.0.0:21:9
MERGED from com.google.android.gms:play-services-base:7.0.0:21:9
MERGED from com.google.android.gms:play-services-base:7.0.0:21:9
MERGED from com.google.android.gms:play-services-base:7.0.0:21:9
MERGED from com.google.android.gms:play-services-base:7.0.0:21:9
MERGED from com.google.android.gms:play-services-base:7.0.0:21:9
	android:value
		ADDED from AndroidManifest.xml:39:13
	android:name
		ADDED from AndroidManifest.xml:38:13
meta-data#com.google.android.maps.v2.API_KEY
ADDED from AndroidManifest.xml:40:9
	android:value
		ADDED from AndroidManifest.xml:42:13
	android:name
		ADDED from AndroidManifest.xml:41:13
activity#com.zbar.lib.CaptureActivity
ADDED from AndroidManifest.xml:44:9
	android:screenOrientation
		ADDED from AndroidManifest.xml:47:13
	android:label
		ADDED from AndroidManifest.xml:46:13
	android:theme
		ADDED from AndroidManifest.xml:48:13
	android:name
		ADDED from AndroidManifest.xml:45:13
activity#attractions.EiffelTowerActivity
ADDED from AndroidManifest.xml:50:9
	android:label
		ADDED from AndroidManifest.xml:52:13
	android:name
		ADDED from AndroidManifest.xml:51:13
activity#attractions.LouvreMuseumActivity
ADDED from AndroidManifest.xml:54:9
	android:label
		ADDED from AndroidManifest.xml:56:13
	android:name
		ADDED from AndroidManifest.xml:55:13
activity#attractions.MyRoute
ADDED from AndroidManifest.xml:58:9
	android:label
		ADDED from AndroidManifest.xml:60:13
	android:name
		ADDED from AndroidManifest.xml:59:13
activity#menu.Home
ADDED from AndroidManifest.xml:62:9
	android:label
		ADDED from AndroidManifest.xml:64:13
	android:name
		ADDED from AndroidManifest.xml:63:13
intent-filter#android.intent.action.MAIN+android.intent.category.LAUNCHER
ADDED from AndroidManifest.xml:65:13
action#android.intent.action.MAIN
ADDED from AndroidManifest.xml:66:17
	android:name
		ADDED from AndroidManifest.xml:66:25
category#android.intent.category.LAUNCHER
ADDED from AndroidManifest.xml:68:17
	android:name
		ADDED from AndroidManifest.xml:68:27
activity#com.zbar.lib.LocationActivity
ADDED from AndroidManifest.xml:71:9
	android:label
		ADDED from AndroidManifest.xml:73:13
	android:theme
		ADDED from AndroidManifest.xml:74:13
	android:name
		ADDED from AndroidManifest.xml:72:13
activity#com.zbar.lib.MylocActivity
ADDED from AndroidManifest.xml:76:9
	android:label
		ADDED from AndroidManifest.xml:78:13
	android:theme
		ADDED from AndroidManifest.xml:79:13
	android:name
		ADDED from AndroidManifest.xml:77:13
activity#com.zbar.lib.HistoryActivity
ADDED from AndroidManifest.xml:81:9
	android:label
		ADDED from AndroidManifest.xml:83:13
	android:theme
		ADDED from AndroidManifest.xml:84:13
	android:name
		ADDED from AndroidManifest.xml:82:13
activity#com.zbar.lib.Information.Eiffel_main
ADDED from AndroidManifest.xml:86:9
	android:label
		ADDED from AndroidManifest.xml:88:13
	android:name
		ADDED from AndroidManifest.xml:87:13
activity#com.zbar.lib.Information.Eiffel_architecture
ADDED from AndroidManifest.xml:90:9
	android:label
		ADDED from AndroidManifest.xml:92:13
	android:name
		ADDED from AndroidManifest.xml:91:13
activity#com.zbar.lib.Information.Eiffel_art
ADDED from AndroidManifest.xml:94:9
	android:label
		ADDED from AndroidManifest.xml:96:13
	android:name
		ADDED from AndroidManifest.xml:95:13
activity#com.zbar.lib.Information.Eiffel_history
ADDED from AndroidManifest.xml:98:9
	android:label
		ADDED from AndroidManifest.xml:100:13
	android:name
		ADDED from AndroidManifest.xml:99:13
activity#com.zbar.lib.NearbyMenu
ADDED from AndroidManifest.xml:102:9
	android:label
		ADDED from AndroidManifest.xml:104:13
	android:theme
		ADDED from AndroidManifest.xml:105:13
	android:name
		ADDED from AndroidManifest.xml:103:13